[2023-06-27 16:43:31,546] INFO [LocalLog partition=assignments-0, dir=/tmp/kafka-logs] Rolled new log segment at offset 637 in 4 ms. (kafka.log.LocalLog)
[2023-06-27 16:43:31,550] INFO [ProducerStateManager partition=assignments-0] Wrote producer snapshot at offset 637 with 0 producer ids in 2 ms. (kafka.log.ProducerStateManager)
[2023-06-27 16:43:31,551] INFO [UnifiedLog partition=assignments-0, dir=/tmp/kafka-logs] Deleting segment LogSegment(baseOffset=0, size=68796, lastModifiedTime=1687279215266, largestRecordTimestamp=Some(1687279215268)) due to retention time 604800000ms breach based on the largest record timestamp in the segment (kafka.log.UnifiedLog)
[2023-06-27 16:43:31,553] INFO [UnifiedLog partition=assignments-0, dir=/tmp/kafka-logs] Incremented log start offset to 637 due to segment deletion (kafka.log.UnifiedLog)
[2023-06-27 16:43:31,556] INFO [LocalLog partition=reports-2-0, dir=/tmp/kafka-logs] Rolled new log segment at offset 208 in 2 ms. (kafka.log.LocalLog)
[2023-06-27 16:43:31,557] INFO [ProducerStateManager partition=reports-2-0] Wrote producer snapshot at offset 208 with 0 producer ids in 1 ms. (kafka.log.ProducerStateManager)
[2023-06-27 16:43:31,557] INFO [UnifiedLog partition=reports-2-0, dir=/tmp/kafka-logs] Deleting segment LogSegment(baseOffset=0, size=17382, lastModifiedTime=1687279239923, largestRecordTimestamp=Some(1687279239928)) due to retention time 604800000ms breach based on the largest record timestamp in the segment (kafka.log.UnifiedLog)
[2023-06-27 16:43:31,560] INFO [UnifiedLog partition=reports-2-0, dir=/tmp/kafka-logs] Incremented log start offset to 208 due to segment deletion (kafka.log.UnifiedLog)
[2023-06-27 16:43:31,563] INFO [LocalLog partition=reports-3-0, dir=/tmp/kafka-logs] Rolled new log segment at offset 214 in 2 ms. (kafka.log.LocalLog)
[2023-06-27 16:43:31,564] INFO [ProducerStateManager partition=reports-3-0] Wrote producer snapshot at offset 214 with 0 producer ids in 1 ms. (kafka.log.ProducerStateManager)
[2023-06-27 16:43:31,565] INFO [UnifiedLog partition=reports-3-0, dir=/tmp/kafka-logs] Deleting segment LogSegment(baseOffset=0, size=17989, lastModifiedTime=1687279260684, largestRecordTimestamp=Some(1687279260694)) due to retention time 604800000ms breach based on the largest record timestamp in the segment (kafka.log.UnifiedLog)
[2023-06-27 16:43:31,565] INFO [UnifiedLog partition=reports-3-0, dir=/tmp/kafka-logs] Incremented log start offset to 214 due to segment deletion (kafka.log.UnifiedLog)
[2023-06-27 16:43:31,568] INFO [LocalLog partition=reports-4-0, dir=/tmp/kafka-logs] Rolled new log segment at offset 50169 in 2 ms. (kafka.log.LocalLog)
[2023-06-27 16:43:31,569] INFO [ProducerStateManager partition=reports-4-0] Wrote producer snapshot at offset 50169 with 0 producer ids in 0 ms. (kafka.log.ProducerStateManager)
[2023-06-27 16:43:31,569] INFO [UnifiedLog partition=reports-4-0, dir=/tmp/kafka-logs] Deleting segment LogSegment(baseOffset=0, size=3744048, lastModifiedTime=1687279251119, largestRecordTimestamp=Some(1687279251133)) due to retention time 604800000ms breach based on the largest record timestamp in the segment (kafka.log.UnifiedLog)
[2023-06-27 16:43:31,569] INFO [UnifiedLog partition=reports-4-0, dir=/tmp/kafka-logs] Incremented log start offset to 50169 due to segment deletion (kafka.log.UnifiedLog)
[2023-06-27 16:43:31,572] INFO [LocalLog partition=reports-5-0, dir=/tmp/kafka-logs] Rolled new log segment at offset 216 in 1 ms. (kafka.log.LocalLog)
[2023-06-27 16:43:31,572] INFO [ProducerStateManager partition=reports-5-0] Wrote producer snapshot at offset 216 with 0 producer ids in 1 ms. (kafka.log.ProducerStateManager)
[2023-06-27 16:43:31,572] INFO [UnifiedLog partition=reports-5-0, dir=/tmp/kafka-logs] Deleting segment LogSegment(baseOffset=0, size=18150, lastModifiedTime=1687279273980, largestRecordTimestamp=Some(1687279273997)) due to retention time 604800000ms breach based on the largest record timestamp in the segment (kafka.log.UnifiedLog)
[2023-06-27 16:43:31,573] INFO [UnifiedLog partition=reports-5-0, dir=/tmp/kafka-logs] Incremented log start offset to 216 due to segment deletion (kafka.log.UnifiedLog)
[2023-06-27 16:43:31,575] INFO [LocalLog partition=reports-6-0, dir=/tmp/kafka-logs] Rolled new log segment at offset 217 in 2 ms. (kafka.log.LocalLog)
[2023-06-27 16:43:31,576] INFO [ProducerStateManager partition=reports-6-0] Wrote producer snapshot at offset 217 with 0 producer ids in 0 ms. (kafka.log.ProducerStateManager)
[2023-06-27 16:43:31,576] INFO [UnifiedLog partition=reports-6-0, dir=/tmp/kafka-logs] Deleting segment LogSegment(baseOffset=0, size=18223, lastModifiedTime=1687279281776, largestRecordTimestamp=Some(1687279281794)) due to retention time 604800000ms breach based on the largest record timestamp in the segment (kafka.log.UnifiedLog)
[2023-06-27 16:43:31,576] INFO [UnifiedLog partition=reports-6-0, dir=/tmp/kafka-logs] Incremented log start offset to 217 due to segment deletion (kafka.log.UnifiedLog)
[2023-06-27 16:44:31,552] INFO [LocalLog partition=assignments-0, dir=/tmp/kafka-logs] Deleting segment files LogSegment(baseOffset=0, size=68796, lastModifiedTime=1687279215266, largestRecordTimestamp=Some(1687279215268)) (kafka.log.LocalLog$)
[2023-06-27 16:44:31,554] INFO Deleted log /tmp/kafka-logs/assignments-0/00000000000000000000.log.deleted. (kafka.log.LogSegment)
[2023-06-27 16:44:31,554] INFO Deleted offset index /tmp/kafka-logs/assignments-0/00000000000000000000.index.deleted. (kafka.log.LogSegment)
[2023-06-27 16:44:31,554] INFO Deleted time index /tmp/kafka-logs/assignments-0/00000000000000000000.timeindex.deleted. (kafka.log.LogSegment)
[2023-06-27 16:44:31,560] INFO [LocalLog partition=reports-2-0, dir=/tmp/kafka-logs] Deleting segment files LogSegment(baseOffset=0, size=17382, lastModifiedTime=1687279239923, largestRecordTimestamp=Some(1687279239928)) (kafka.log.LocalLog$)
[2023-06-27 16:44:31,560] INFO Deleted log /tmp/kafka-logs/reports-2-0/00000000000000000000.log.deleted. (kafka.log.LogSegment)
[2023-06-27 16:44:31,560] INFO Deleted offset index /tmp/kafka-logs/reports-2-0/00000000000000000000.index.deleted. (kafka.log.LogSegment)
[2023-06-27 16:44:31,560] INFO Deleted time index /tmp/kafka-logs/reports-2-0/00000000000000000000.timeindex.deleted. (kafka.log.LogSegment)
[2023-06-27 16:44:31,565] INFO [LocalLog partition=reports-3-0, dir=/tmp/kafka-logs] Deleting segment files LogSegment(baseOffset=0, size=17989, lastModifiedTime=1687279260684, largestRecordTimestamp=Some(1687279260694)) (kafka.log.LocalLog$)
[2023-06-27 16:44:31,565] INFO Deleted log /tmp/kafka-logs/reports-3-0/00000000000000000000.log.deleted. (kafka.log.LogSegment)
[2023-06-27 16:44:31,565] INFO Deleted offset index /tmp/kafka-logs/reports-3-0/00000000000000000000.index.deleted. (kafka.log.LogSegment)
[2023-06-27 16:44:31,566] INFO Deleted time index /tmp/kafka-logs/reports-3-0/00000000000000000000.timeindex.deleted. (kafka.log.LogSegment)
[2023-06-27 16:44:31,569] INFO [LocalLog partition=reports-4-0, dir=/tmp/kafka-logs] Deleting segment files LogSegment(baseOffset=0, size=3744048, lastModifiedTime=1687279251119, largestRecordTimestamp=Some(1687279251133)) (kafka.log.LocalLog$)
[2023-06-27 16:44:31,571] INFO Deleted log /tmp/kafka-logs/reports-4-0/00000000000000000000.log.deleted. (kafka.log.LogSegment)
[2023-06-27 16:44:31,571] INFO Deleted offset index /tmp/kafka-logs/reports-4-0/00000000000000000000.index.deleted. (kafka.log.LogSegment)
[2023-06-27 16:44:31,572] INFO Deleted time index /tmp/kafka-logs/reports-4-0/00000000000000000000.timeindex.deleted. (kafka.log.LogSegment)
[2023-06-27 16:44:31,573] INFO [LocalLog partition=reports-5-0, dir=/tmp/kafka-logs] Deleting segment files LogSegment(baseOffset=0, size=18150, lastModifiedTime=1687279273980, largestRecordTimestamp=Some(1687279273997)) (kafka.log.LocalLog$)
[2023-06-27 16:44:31,573] INFO Deleted log /tmp/kafka-logs/reports-5-0/00000000000000000000.log.deleted. (kafka.log.LogSegment)
[2023-06-27 16:44:31,573] INFO Deleted offset index /tmp/kafka-logs/reports-5-0/00000000000000000000.index.deleted. (kafka.log.LogSegment)
[2023-06-27 16:44:31,573] INFO Deleted time index /tmp/kafka-logs/reports-5-0/00000000000000000000.timeindex.deleted. (kafka.log.LogSegment)
[2023-06-27 16:44:31,576] INFO [LocalLog partition=reports-6-0, dir=/tmp/kafka-logs] Deleting segment files LogSegment(baseOffset=0, size=18223, lastModifiedTime=1687279281776, largestRecordTimestamp=Some(1687279281794)) (kafka.log.LocalLog$)
[2023-06-27 16:44:31,577] INFO Deleted log /tmp/kafka-logs/reports-6-0/00000000000000000000.log.deleted. (kafka.log.LogSegment)
[2023-06-27 16:44:31,577] INFO Deleted offset index /tmp/kafka-logs/reports-6-0/00000000000000000000.index.deleted. (kafka.log.LogSegment)
[2023-06-27 16:44:31,577] INFO Deleted time index /tmp/kafka-logs/reports-6-0/00000000000000000000.timeindex.deleted. (kafka.log.LogSegment)
