[2023-06-13 16:13:02,387] INFO [Controller id=0 epoch=1] Sending UpdateMetadata request to brokers HashSet(0) for 0 partitions (state.change.logger)
[2023-06-13 16:25:17,310] INFO [Controller id=0 epoch=1] Changed partition requests-0 state from NonExistentPartition to NewPartition with assigned replicas 0 (state.change.logger)
[2023-06-13 16:25:17,311] INFO [Controller id=0 epoch=1] Sending UpdateMetadata request to brokers HashSet() for 0 partitions (state.change.logger)
[2023-06-13 16:25:17,320] INFO [Controller id=0 epoch=1] Sending UpdateMetadata request to brokers HashSet() for 0 partitions (state.change.logger)
[2023-06-13 16:25:17,361] INFO [Controller id=0 epoch=1] Changed partition requests-0 from NewPartition to OnlinePartition with state LeaderAndIsr(leader=0, leaderEpoch=0, isr=List(0), leaderRecoveryState=RECOVERED, partitionEpoch=0) (state.change.logger)
[2023-06-13 16:25:17,365] INFO [Controller id=0 epoch=1] Sending LeaderAndIsr request to broker 0 with 1 become-leader and 0 become-follower partitions (state.change.logger)
[2023-06-13 16:25:17,369] INFO [Controller id=0 epoch=1] Sending UpdateMetadata request to brokers HashSet(0) for 1 partitions (state.change.logger)
[2023-06-13 16:25:17,371] INFO [Controller id=0 epoch=1] Sending UpdateMetadata request to brokers HashSet() for 0 partitions (state.change.logger)
[2023-06-13 16:25:17,383] INFO [Broker id=0] Handling LeaderAndIsr request correlationId 1 from controller 0 for 1 partitions (state.change.logger)
[2023-06-13 16:25:17,426] INFO [Broker id=0] Stopped fetchers as part of LeaderAndIsr request correlationId 1 from controller 0 epoch 1 as part of the become-leader transition for 1 partitions (state.change.logger)
[2023-06-13 16:25:17,577] INFO [Broker id=0] Leader requests-0 with topic id Some(YKk_TNpUSP6j1WUaGZrFKg) starts at leader epoch 0 from offset 0 with partition epoch 0, high watermark 0, ISR [0], adding replicas [] and removing replicas []. Previous leader epoch was -1. (state.change.logger)
[2023-06-13 16:25:17,595] INFO [Broker id=0] Finished LeaderAndIsr request in 215ms correlationId 1 from controller 0 for 1 partitions (state.change.logger)
[2023-06-13 16:25:17,608] INFO [Broker id=0] Add 1 partitions and deleted 0 partitions from metadata cache in response to UpdateMetadata request sent by controller 0 epoch 1 with correlation id 2 (state.change.logger)
[2023-06-13 16:25:31,574] INFO [Controller id=0 epoch=1] Changed partition assignments-0 state from NonExistentPartition to NewPartition with assigned replicas 0 (state.change.logger)
[2023-06-13 16:25:31,574] INFO [Controller id=0 epoch=1] Sending UpdateMetadata request to brokers HashSet() for 0 partitions (state.change.logger)
[2023-06-13 16:25:31,574] INFO [Controller id=0 epoch=1] Sending UpdateMetadata request to brokers HashSet() for 0 partitions (state.change.logger)
[2023-06-13 16:25:31,586] INFO [Controller id=0 epoch=1] Changed partition assignments-0 from NewPartition to OnlinePartition with state LeaderAndIsr(leader=0, leaderEpoch=0, isr=List(0), leaderRecoveryState=RECOVERED, partitionEpoch=0) (state.change.logger)
[2023-06-13 16:25:31,586] INFO [Controller id=0 epoch=1] Sending LeaderAndIsr request to broker 0 with 1 become-leader and 0 become-follower partitions (state.change.logger)
[2023-06-13 16:25:31,587] INFO [Controller id=0 epoch=1] Sending UpdateMetadata request to brokers HashSet(0) for 1 partitions (state.change.logger)
[2023-06-13 16:25:31,587] INFO [Controller id=0 epoch=1] Sending UpdateMetadata request to brokers HashSet() for 0 partitions (state.change.logger)
[2023-06-13 16:25:31,589] INFO [Broker id=0] Handling LeaderAndIsr request correlationId 3 from controller 0 for 1 partitions (state.change.logger)
[2023-06-13 16:25:31,591] INFO [Broker id=0] Stopped fetchers as part of LeaderAndIsr request correlationId 3 from controller 0 epoch 1 as part of the become-leader transition for 1 partitions (state.change.logger)
[2023-06-13 16:25:31,600] INFO [Broker id=0] Leader assignments-0 with topic id Some(lWisMfFJS9y41jgLTFFpHg) starts at leader epoch 0 from offset 0 with partition epoch 0, high watermark 0, ISR [0], adding replicas [] and removing replicas []. Previous leader epoch was -1. (state.change.logger)
[2023-06-13 16:25:31,602] INFO [Broker id=0] Finished LeaderAndIsr request in 14ms correlationId 3 from controller 0 for 1 partitions (state.change.logger)
[2023-06-13 16:25:31,605] INFO [Broker id=0] Add 1 partitions and deleted 0 partitions from metadata cache in response to UpdateMetadata request sent by controller 0 epoch 1 with correlation id 4 (state.change.logger)
[2023-06-13 16:25:42,991] INFO [Controller id=0 epoch=1] Changed partition reports-2-0 state from NonExistentPartition to NewPartition with assigned replicas 0 (state.change.logger)
[2023-06-13 16:25:42,991] INFO [Controller id=0 epoch=1] Sending UpdateMetadata request to brokers HashSet() for 0 partitions (state.change.logger)
[2023-06-13 16:25:42,991] INFO [Controller id=0 epoch=1] Sending UpdateMetadata request to brokers HashSet() for 0 partitions (state.change.logger)
[2023-06-13 16:25:43,002] INFO [Controller id=0 epoch=1] Changed partition reports-2-0 from NewPartition to OnlinePartition with state LeaderAndIsr(leader=0, leaderEpoch=0, isr=List(0), leaderRecoveryState=RECOVERED, partitionEpoch=0) (state.change.logger)
[2023-06-13 16:25:43,003] INFO [Controller id=0 epoch=1] Sending LeaderAndIsr request to broker 0 with 1 become-leader and 0 become-follower partitions (state.change.logger)
[2023-06-13 16:25:43,003] INFO [Controller id=0 epoch=1] Sending UpdateMetadata request to brokers HashSet(0) for 1 partitions (state.change.logger)
[2023-06-13 16:25:43,004] INFO [Controller id=0 epoch=1] Sending UpdateMetadata request to brokers HashSet() for 0 partitions (state.change.logger)
[2023-06-13 16:25:43,004] INFO [Broker id=0] Handling LeaderAndIsr request correlationId 5 from controller 0 for 1 partitions (state.change.logger)
[2023-06-13 16:25:43,006] INFO [Broker id=0] Stopped fetchers as part of LeaderAndIsr request correlationId 5 from controller 0 epoch 1 as part of the become-leader transition for 1 partitions (state.change.logger)
[2023-06-13 16:25:43,013] INFO [Broker id=0] Leader reports-2-0 with topic id Some(04Yrkj4jRM20j4D0eJ-Rew) starts at leader epoch 0 from offset 0 with partition epoch 0, high watermark 0, ISR [0], adding replicas [] and removing replicas []. Previous leader epoch was -1. (state.change.logger)
[2023-06-13 16:25:43,014] INFO [Broker id=0] Finished LeaderAndIsr request in 10ms correlationId 5 from controller 0 for 1 partitions (state.change.logger)
[2023-06-13 16:25:43,017] INFO [Broker id=0] Add 1 partitions and deleted 0 partitions from metadata cache in response to UpdateMetadata request sent by controller 0 epoch 1 with correlation id 6 (state.change.logger)
[2023-06-13 16:25:48,870] INFO [Controller id=0 epoch=1] Changed partition reports-3-0 state from NonExistentPartition to NewPartition with assigned replicas 0 (state.change.logger)
[2023-06-13 16:25:48,870] INFO [Controller id=0 epoch=1] Sending UpdateMetadata request to brokers HashSet() for 0 partitions (state.change.logger)
[2023-06-13 16:25:48,870] INFO [Controller id=0 epoch=1] Sending UpdateMetadata request to brokers HashSet() for 0 partitions (state.change.logger)
[2023-06-13 16:25:48,882] INFO [Controller id=0 epoch=1] Changed partition reports-3-0 from NewPartition to OnlinePartition with state LeaderAndIsr(leader=0, leaderEpoch=0, isr=List(0), leaderRecoveryState=RECOVERED, partitionEpoch=0) (state.change.logger)
[2023-06-13 16:25:48,882] INFO [Controller id=0 epoch=1] Sending LeaderAndIsr request to broker 0 with 1 become-leader and 0 become-follower partitions (state.change.logger)
[2023-06-13 16:25:48,882] INFO [Controller id=0 epoch=1] Sending UpdateMetadata request to brokers HashSet(0) for 1 partitions (state.change.logger)
[2023-06-13 16:25:48,883] INFO [Controller id=0 epoch=1] Sending UpdateMetadata request to brokers HashSet() for 0 partitions (state.change.logger)
[2023-06-13 16:25:48,883] INFO [Broker id=0] Handling LeaderAndIsr request correlationId 7 from controller 0 for 1 partitions (state.change.logger)
[2023-06-13 16:25:48,885] INFO [Broker id=0] Stopped fetchers as part of LeaderAndIsr request correlationId 7 from controller 0 epoch 1 as part of the become-leader transition for 1 partitions (state.change.logger)
[2023-06-13 16:25:48,893] INFO [Broker id=0] Leader reports-3-0 with topic id Some(DQ5W6qYPQKKsiWb0S4K5FQ) starts at leader epoch 0 from offset 0 with partition epoch 0, high watermark 0, ISR [0], adding replicas [] and removing replicas []. Previous leader epoch was -1. (state.change.logger)
[2023-06-13 16:25:48,896] INFO [Broker id=0] Finished LeaderAndIsr request in 12ms correlationId 7 from controller 0 for 1 partitions (state.change.logger)
[2023-06-13 16:25:48,898] INFO [Broker id=0] Add 1 partitions and deleted 0 partitions from metadata cache in response to UpdateMetadata request sent by controller 0 epoch 1 with correlation id 8 (state.change.logger)
[2023-06-13 16:25:53,064] INFO [Controller id=0 epoch=1] Changed partition reports-4-0 state from NonExistentPartition to NewPartition with assigned replicas 0 (state.change.logger)
[2023-06-13 16:25:53,064] INFO [Controller id=0 epoch=1] Sending UpdateMetadata request to brokers HashSet() for 0 partitions (state.change.logger)
[2023-06-13 16:25:53,064] INFO [Controller id=0 epoch=1] Sending UpdateMetadata request to brokers HashSet() for 0 partitions (state.change.logger)
[2023-06-13 16:25:53,076] INFO [Controller id=0 epoch=1] Changed partition reports-4-0 from NewPartition to OnlinePartition with state LeaderAndIsr(leader=0, leaderEpoch=0, isr=List(0), leaderRecoveryState=RECOVERED, partitionEpoch=0) (state.change.logger)
[2023-06-13 16:25:53,076] INFO [Controller id=0 epoch=1] Sending LeaderAndIsr request to broker 0 with 1 become-leader and 0 become-follower partitions (state.change.logger)
[2023-06-13 16:25:53,077] INFO [Controller id=0 epoch=1] Sending UpdateMetadata request to brokers HashSet(0) for 1 partitions (state.change.logger)
[2023-06-13 16:25:53,077] INFO [Controller id=0 epoch=1] Sending UpdateMetadata request to brokers HashSet() for 0 partitions (state.change.logger)
[2023-06-13 16:25:53,078] INFO [Broker id=0] Handling LeaderAndIsr request correlationId 9 from controller 0 for 1 partitions (state.change.logger)
[2023-06-13 16:25:53,080] INFO [Broker id=0] Stopped fetchers as part of LeaderAndIsr request correlationId 9 from controller 0 epoch 1 as part of the become-leader transition for 1 partitions (state.change.logger)
[2023-06-13 16:25:53,087] INFO [Broker id=0] Leader reports-4-0 with topic id Some(A5wiSLAjRISYk4VVBMgexw) starts at leader epoch 0 from offset 0 with partition epoch 0, high watermark 0, ISR [0], adding replicas [] and removing replicas []. Previous leader epoch was -1. (state.change.logger)
[2023-06-13 16:25:53,090] INFO [Broker id=0] Finished LeaderAndIsr request in 11ms correlationId 9 from controller 0 for 1 partitions (state.change.logger)
[2023-06-13 16:25:53,092] INFO [Broker id=0] Add 1 partitions and deleted 0 partitions from metadata cache in response to UpdateMetadata request sent by controller 0 epoch 1 with correlation id 10 (state.change.logger)
[2023-06-13 16:25:56,967] INFO [Controller id=0 epoch=1] Changed partition reports-5-0 state from NonExistentPartition to NewPartition with assigned replicas 0 (state.change.logger)
[2023-06-13 16:25:56,967] INFO [Controller id=0 epoch=1] Sending UpdateMetadata request to brokers HashSet() for 0 partitions (state.change.logger)
[2023-06-13 16:25:56,967] INFO [Controller id=0 epoch=1] Sending UpdateMetadata request to brokers HashSet() for 0 partitions (state.change.logger)
[2023-06-13 16:25:56,978] INFO [Controller id=0 epoch=1] Changed partition reports-5-0 from NewPartition to OnlinePartition with state LeaderAndIsr(leader=0, leaderEpoch=0, isr=List(0), leaderRecoveryState=RECOVERED, partitionEpoch=0) (state.change.logger)
[2023-06-13 16:25:56,979] INFO [Controller id=0 epoch=1] Sending LeaderAndIsr request to broker 0 with 1 become-leader and 0 become-follower partitions (state.change.logger)
[2023-06-13 16:25:56,979] INFO [Controller id=0 epoch=1] Sending UpdateMetadata request to brokers HashSet(0) for 1 partitions (state.change.logger)
[2023-06-13 16:25:56,980] INFO [Controller id=0 epoch=1] Sending UpdateMetadata request to brokers HashSet() for 0 partitions (state.change.logger)
[2023-06-13 16:25:56,980] INFO [Broker id=0] Handling LeaderAndIsr request correlationId 11 from controller 0 for 1 partitions (state.change.logger)
[2023-06-13 16:25:56,982] INFO [Broker id=0] Stopped fetchers as part of LeaderAndIsr request correlationId 11 from controller 0 epoch 1 as part of the become-leader transition for 1 partitions (state.change.logger)
[2023-06-13 16:25:56,990] INFO [Broker id=0] Leader reports-5-0 with topic id Some(LyB6nGBnSgGE7QNMDR6DZQ) starts at leader epoch 0 from offset 0 with partition epoch 0, high watermark 0, ISR [0], adding replicas [] and removing replicas []. Previous leader epoch was -1. (state.change.logger)
[2023-06-13 16:25:56,992] INFO [Broker id=0] Finished LeaderAndIsr request in 12ms correlationId 11 from controller 0 for 1 partitions (state.change.logger)
[2023-06-13 16:25:56,995] INFO [Broker id=0] Add 1 partitions and deleted 0 partitions from metadata cache in response to UpdateMetadata request sent by controller 0 epoch 1 with correlation id 12 (state.change.logger)
[2023-06-13 16:26:05,013] INFO [Controller id=0 epoch=1] Changed partition reports-6-0 state from NonExistentPartition to NewPartition with assigned replicas 0 (state.change.logger)
[2023-06-13 16:26:05,013] INFO [Controller id=0 epoch=1] Sending UpdateMetadata request to brokers HashSet() for 0 partitions (state.change.logger)
[2023-06-13 16:26:05,014] INFO [Controller id=0 epoch=1] Sending UpdateMetadata request to brokers HashSet() for 0 partitions (state.change.logger)
[2023-06-13 16:26:05,027] INFO [Controller id=0 epoch=1] Changed partition reports-6-0 from NewPartition to OnlinePartition with state LeaderAndIsr(leader=0, leaderEpoch=0, isr=List(0), leaderRecoveryState=RECOVERED, partitionEpoch=0) (state.change.logger)
[2023-06-13 16:26:05,027] INFO [Controller id=0 epoch=1] Sending LeaderAndIsr request to broker 0 with 1 become-leader and 0 become-follower partitions (state.change.logger)
[2023-06-13 16:26:05,028] INFO [Controller id=0 epoch=1] Sending UpdateMetadata request to brokers HashSet(0) for 1 partitions (state.change.logger)
[2023-06-13 16:26:05,028] INFO [Controller id=0 epoch=1] Sending UpdateMetadata request to brokers HashSet() for 0 partitions (state.change.logger)
[2023-06-13 16:26:05,029] INFO [Broker id=0] Handling LeaderAndIsr request correlationId 13 from controller 0 for 1 partitions (state.change.logger)
[2023-06-13 16:26:05,031] INFO [Broker id=0] Stopped fetchers as part of LeaderAndIsr request correlationId 13 from controller 0 epoch 1 as part of the become-leader transition for 1 partitions (state.change.logger)
[2023-06-13 16:26:05,038] INFO [Broker id=0] Leader reports-6-0 with topic id Some(kUTvD59iRB2Rd6pII88zFw) starts at leader epoch 0 from offset 0 with partition epoch 0, high watermark 0, ISR [0], adding replicas [] and removing replicas []. Previous leader epoch was -1. (state.change.logger)
[2023-06-13 16:26:05,040] INFO [Broker id=0] Finished LeaderAndIsr request in 11ms correlationId 13 from controller 0 for 1 partitions (state.change.logger)
[2023-06-13 16:26:05,043] INFO [Broker id=0] Add 1 partitions and deleted 0 partitions from metadata cache in response to UpdateMetadata request sent by controller 0 epoch 1 with correlation id 14 (state.change.logger)
