[2023-06-13 16:13:00,715] INFO Registered kafka:type=kafka.Log4jController MBean (kafka.utils.Log4jControllerRegistration$)
[2023-06-13 16:13:00,963] INFO Setting -D jdk.tls.rejectClientInitiatedRenegotiation=true to disable client-initiated TLS renegotiation (org.apache.zookeeper.common.X509Util)
[2023-06-13 16:13:01,056] INFO Registered signal handlers for TERM, INT, HUP (org.apache.kafka.common.utils.LoggingSignalHandler)
[2023-06-13 16:13:01,057] INFO starting (kafka.server.KafkaServer)
[2023-06-13 16:13:01,057] INFO Connecting to zookeeper on localhost:2181 (kafka.server.KafkaServer)
[2023-06-13 16:13:01,068] INFO [ZooKeeperClient Kafka server] Initializing a new session to localhost:2181. (kafka.zookeeper.ZooKeeperClient)
[2023-06-13 16:13:01,073] INFO Client environment:zookeeper.version=3.6.3--6401e4ad2087061bc6b9f80dec2d69f2e3c8660a, built on 04/08/2021 16:35 GMT (org.apache.zookeeper.ZooKeeper)
[2023-06-13 16:13:01,073] INFO Client environment:host.name=cluster7 (org.apache.zookeeper.ZooKeeper)
[2023-06-13 16:13:01,073] INFO Client environment:java.version=1.8.0_362 (org.apache.zookeeper.ZooKeeper)
[2023-06-13 16:13:01,073] INFO Client environment:java.vendor=Private Build (org.apache.zookeeper.ZooKeeper)
[2023-06-13 16:13:01,073] INFO Client environment:java.home=/usr/lib/jvm/java-8-openjdk-amd64/jre (org.apache.zookeeper.ZooKeeper)
[2023-06-13 16:13:01,073] INFO Client environment:java.class.path=/home/syslab/workspace_la/Kafka/kafka/bin/../libs/activation-1.1.1.jar:/home/syslab/workspace_la/Kafka/kafka/bin/../libs/aopalliance-repackaged-2.6.1.jar:/home/syslab/workspace_la/Kafka/kafka/bin/../libs/argparse4j-0.7.0.jar:/home/syslab/workspace_la/Kafka/kafka/bin/../libs/audience-annotations-0.5.0.jar:/home/syslab/workspace_la/Kafka/kafka/bin/../libs/commons-cli-1.4.jar:/home/syslab/workspace_la/Kafka/kafka/bin/../libs/commons-lang3-3.12.0.jar:/home/syslab/workspace_la/Kafka/kafka/bin/../libs/commons-lang3-3.8.1.jar:/home/syslab/workspace_la/Kafka/kafka/bin/../libs/connect-api-3.3.0.jar:/home/syslab/workspace_la/Kafka/kafka/bin/../libs/connect-basic-auth-extension-3.3.0.jar:/home/syslab/workspace_la/Kafka/kafka/bin/../libs/connect-json-3.3.0.jar:/home/syslab/workspace_la/Kafka/kafka/bin/../libs/connect-mirror-3.3.0.jar:/home/syslab/workspace_la/Kafka/kafka/bin/../libs/connect-mirror-client-3.3.0.jar:/home/syslab/workspace_la/Kafka/kafka/bin/../libs/connect-runtime-3.3.0.jar:/home/syslab/workspace_la/Kafka/kafka/bin/../libs/connect-transforms-3.3.0.jar:/home/syslab/workspace_la/Kafka/kafka/bin/../libs/hk2-api-2.6.1.jar:/home/syslab/workspace_la/Kafka/kafka/bin/../libs/hk2-locator-2.6.1.jar:/home/syslab/workspace_la/Kafka/kafka/bin/../libs/hk2-utils-2.6.1.jar:/home/syslab/workspace_la/Kafka/kafka/bin/../libs/jackson-annotations-2.13.3.jar:/home/syslab/workspace_la/Kafka/kafka/bin/../libs/jackson-core-2.13.3.jar:/home/syslab/workspace_la/Kafka/kafka/bin/../libs/jackson-databind-2.13.3.jar:/home/syslab/workspace_la/Kafka/kafka/bin/../libs/jackson-dataformat-csv-2.13.3.jar:/home/syslab/workspace_la/Kafka/kafka/bin/../libs/jackson-datatype-jdk8-2.13.3.jar:/home/syslab/workspace_la/Kafka/kafka/bin/../libs/jackson-jaxrs-base-2.13.3.jar:/home/syslab/workspace_la/Kafka/kafka/bin/../libs/jackson-jaxrs-json-provider-2.13.3.jar:/home/syslab/workspace_la/Kafka/kafka/bin/../libs/jackson-module-jaxb-annotations-2.13.3.jar:/home/syslab/workspace_la/Kafka/kafka/bin/../libs/jackson-module-scala_2.13-2.13.3.jar:/home/syslab/workspace_la/Kafka/kafka/bin/../libs/jakarta.activation-api-1.2.2.jar:/home/syslab/workspace_la/Kafka/kafka/bin/../libs/jakarta.annotation-api-1.3.5.jar:/home/syslab/workspace_la/Kafka/kafka/bin/../libs/jakarta.inject-2.6.1.jar:/home/syslab/workspace_la/Kafka/kafka/bin/../libs/jakarta.validation-api-2.0.2.jar:/home/syslab/workspace_la/Kafka/kafka/bin/../libs/jakarta.ws.rs-api-2.1.6.jar:/home/syslab/workspace_la/Kafka/kafka/bin/../libs/jakarta.xml.bind-api-2.3.3.jar:/home/syslab/workspace_la/Kafka/kafka/bin/../libs/javassist-3.27.0-GA.jar:/home/syslab/workspace_la/Kafka/kafka/bin/../libs/javax.servlet-api-3.1.0.jar:/home/syslab/workspace_la/Kafka/kafka/bin/../libs/javax.ws.rs-api-2.1.1.jar:/home/syslab/workspace_la/Kafka/kafka/bin/../libs/jaxb-api-2.3.0.jar:/home/syslab/workspace_la/Kafka/kafka/bin/../libs/jersey-client-2.34.jar:/home/syslab/workspace_la/Kafka/kafka/bin/../libs/jersey-common-2.34.jar:/home/syslab/workspace_la/Kafka/kafka/bin/../libs/jersey-container-servlet-2.34.jar:/home/syslab/workspace_la/Kafka/kafka/bin/../libs/jersey-container-servlet-core-2.34.jar:/home/syslab/workspace_la/Kafka/kafka/bin/../libs/jersey-hk2-2.34.jar:/home/syslab/workspace_la/Kafka/kafka/bin/../libs/jersey-server-2.34.jar:/home/syslab/workspace_la/Kafka/kafka/bin/../libs/jetty-client-9.4.48.v20220622.jar:/home/syslab/workspace_la/Kafka/kafka/bin/../libs/jetty-continuation-9.4.48.v20220622.jar:/home/syslab/workspace_la/Kafka/kafka/bin/../libs/jetty-http-9.4.48.v20220622.jar:/home/syslab/workspace_la/Kafka/kafka/bin/../libs/jetty-io-9.4.48.v20220622.jar:/home/syslab/workspace_la/Kafka/kafka/bin/../libs/jetty-security-9.4.48.v20220622.jar:/home/syslab/workspace_la/Kafka/kafka/bin/../libs/jetty-server-9.4.48.v20220622.jar:/home/syslab/workspace_la/Kafka/kafka/bin/../libs/jetty-servlet-9.4.48.v20220622.jar:/home/syslab/workspace_la/Kafka/kafka/bin/../libs/jetty-servlets-9.4.48.v20220622.jar:/home/syslab/workspace_la/Kafka/kafka/bin/../libs/jetty-util-9.4.48.v20220622.jar:/home/syslab/workspace_la/Kafka/kafka/bin/../libs/jetty-util-ajax-9.4.48.v20220622.jar:/home/syslab/workspace_la/Kafka/kafka/bin/../libs/jline-3.21.0.jar:/home/syslab/workspace_la/Kafka/kafka/bin/../libs/jopt-simple-5.0.4.jar:/home/syslab/workspace_la/Kafka/kafka/bin/../libs/jose4j-0.7.9.jar:/home/syslab/workspace_la/Kafka/kafka/bin/../libs/kafka_2.13-3.3.0.jar:/home/syslab/workspace_la/Kafka/kafka/bin/../libs/kafka-clients-3.3.0.jar:/home/syslab/workspace_la/Kafka/kafka/bin/../libs/kafka-log4j-appender-3.3.0.jar:/home/syslab/workspace_la/Kafka/kafka/bin/../libs/kafka-metadata-3.3.0.jar:/home/syslab/workspace_la/Kafka/kafka/bin/../libs/kafka-raft-3.3.0.jar:/home/syslab/workspace_la/Kafka/kafka/bin/../libs/kafka-server-common-3.3.0.jar:/home/syslab/workspace_la/Kafka/kafka/bin/../libs/kafka-shell-3.3.0.jar:/home/syslab/workspace_la/Kafka/kafka/bin/../libs/kafka-storage-3.3.0.jar:/home/syslab/workspace_la/Kafka/kafka/bin/../libs/kafka-storage-api-3.3.0.jar:/home/syslab/workspace_la/Kafka/kafka/bin/../libs/kafka-streams-3.3.0.jar:/home/syslab/workspace_la/Kafka/kafka/bin/../libs/kafka-streams-examples-3.3.0.jar:/home/syslab/workspace_la/Kafka/kafka/bin/../libs/kafka-streams-scala_2.13-3.3.0.jar:/home/syslab/workspace_la/Kafka/kafka/bin/../libs/kafka-streams-test-utils-3.3.0.jar:/home/syslab/workspace_la/Kafka/kafka/bin/../libs/kafka-tools-3.3.0.jar:/home/syslab/workspace_la/Kafka/kafka/bin/../libs/lz4-java-1.8.0.jar:/home/syslab/workspace_la/Kafka/kafka/bin/../libs/maven-artifact-3.8.4.jar:/home/syslab/workspace_la/Kafka/kafka/bin/../libs/metrics-core-2.2.0.jar:/home/syslab/workspace_la/Kafka/kafka/bin/../libs/metrics-core-4.1.12.1.jar:/home/syslab/workspace_la/Kafka/kafka/bin/../libs/netty-buffer-4.1.78.Final.jar:/home/syslab/workspace_la/Kafka/kafka/bin/../libs/netty-codec-4.1.78.Final.jar:/home/syslab/workspace_la/Kafka/kafka/bin/../libs/netty-common-4.1.78.Final.jar:/home/syslab/workspace_la/Kafka/kafka/bin/../libs/netty-handler-4.1.78.Final.jar:/home/syslab/workspace_la/Kafka/kafka/bin/../libs/netty-resolver-4.1.78.Final.jar:/home/syslab/workspace_la/Kafka/kafka/bin/../libs/netty-transport-4.1.78.Final.jar:/home/syslab/workspace_la/Kafka/kafka/bin/../libs/netty-transport-classes-epoll-4.1.78.Final.jar:/home/syslab/workspace_la/Kafka/kafka/bin/../libs/netty-transport-native-epoll-4.1.78.Final.jar:/home/syslab/workspace_la/Kafka/kafka/bin/../libs/netty-transport-native-unix-common-4.1.78.Final.jar:/home/syslab/workspace_la/Kafka/kafka/bin/../libs/osgi-resource-locator-1.0.3.jar:/home/syslab/workspace_la/Kafka/kafka/bin/../libs/paranamer-2.8.jar:/home/syslab/workspace_la/Kafka/kafka/bin/../libs/plexus-utils-3.3.0.jar:/home/syslab/workspace_la/Kafka/kafka/bin/../libs/reflections-0.9.12.jar:/home/syslab/workspace_la/Kafka/kafka/bin/../libs/reload4j-1.2.19.jar:/home/syslab/workspace_la/Kafka/kafka/bin/../libs/rocksdbjni-6.29.4.1.jar:/home/syslab/workspace_la/Kafka/kafka/bin/../libs/scala-collection-compat_2.13-2.6.0.jar:/home/syslab/workspace_la/Kafka/kafka/bin/../libs/scala-java8-compat_2.13-1.0.2.jar:/home/syslab/workspace_la/Kafka/kafka/bin/../libs/scala-library-2.13.8.jar:/home/syslab/workspace_la/Kafka/kafka/bin/../libs/scala-logging_2.13-3.9.4.jar:/home/syslab/workspace_la/Kafka/kafka/bin/../libs/scala-reflect-2.13.8.jar:/home/syslab/workspace_la/Kafka/kafka/bin/../libs/slf4j-api-1.7.36.jar:/home/syslab/workspace_la/Kafka/kafka/bin/../libs/slf4j-reload4j-1.7.36.jar:/home/syslab/workspace_la/Kafka/kafka/bin/../libs/snappy-java-1.1.8.4.jar:/home/syslab/workspace_la/Kafka/kafka/bin/../libs/swagger-annotations-2.2.0.jar:/home/syslab/workspace_la/Kafka/kafka/bin/../libs/trogdor-3.3.0.jar:/home/syslab/workspace_la/Kafka/kafka/bin/../libs/zookeeper-3.6.3.jar:/home/syslab/workspace_la/Kafka/kafka/bin/../libs/zookeeper-jute-3.6.3.jar:/home/syslab/workspace_la/Kafka/kafka/bin/../libs/zstd-jni-1.5.2-1.jar (org.apache.zookeeper.ZooKeeper)
[2023-06-13 16:13:01,073] INFO Client environment:java.library.path=/usr/java/packages/lib/amd64:/usr/lib/x86_64-linux-gnu/jni:/lib/x86_64-linux-gnu:/usr/lib/x86_64-linux-gnu:/usr/lib/jni:/lib:/usr/lib (org.apache.zookeeper.ZooKeeper)
[2023-06-13 16:13:01,073] INFO Client environment:java.io.tmpdir=/tmp (org.apache.zookeeper.ZooKeeper)
[2023-06-13 16:13:01,073] INFO Client environment:java.compiler=<NA> (org.apache.zookeeper.ZooKeeper)
[2023-06-13 16:13:01,073] INFO Client environment:os.name=Linux (org.apache.zookeeper.ZooKeeper)
[2023-06-13 16:13:01,073] INFO Client environment:os.arch=amd64 (org.apache.zookeeper.ZooKeeper)
[2023-06-13 16:13:01,073] INFO Client environment:os.version=5.15.0-73-generic (org.apache.zookeeper.ZooKeeper)
[2023-06-13 16:13:01,073] INFO Client environment:user.name=syslab (org.apache.zookeeper.ZooKeeper)
[2023-06-13 16:13:01,074] INFO Client environment:user.home=/home/syslab (org.apache.zookeeper.ZooKeeper)
[2023-06-13 16:13:01,074] INFO Client environment:user.dir=/ (org.apache.zookeeper.ZooKeeper)
[2023-06-13 16:13:01,074] INFO Client environment:os.memory.free=1008MB (org.apache.zookeeper.ZooKeeper)
[2023-06-13 16:13:01,074] INFO Client environment:os.memory.max=1024MB (org.apache.zookeeper.ZooKeeper)
[2023-06-13 16:13:01,074] INFO Client environment:os.memory.total=1024MB (org.apache.zookeeper.ZooKeeper)
[2023-06-13 16:13:01,075] INFO Initiating client connection, connectString=localhost:2181 sessionTimeout=18000 watcher=kafka.zookeeper.ZooKeeperClient$ZooKeeperClientWatcher$@5c6648b0 (org.apache.zookeeper.ZooKeeper)
[2023-06-13 16:13:01,079] INFO jute.maxbuffer value is 4194304 Bytes (org.apache.zookeeper.ClientCnxnSocket)
[2023-06-13 16:13:01,083] INFO zookeeper.request.timeout value is 0. feature enabled=false (org.apache.zookeeper.ClientCnxn)
[2023-06-13 16:13:01,084] INFO [ZooKeeperClient Kafka server] Waiting until connected. (kafka.zookeeper.ZooKeeperClient)
[2023-06-13 16:13:01,085] INFO Opening socket connection to server localhost/127.0.0.1:2181. (org.apache.zookeeper.ClientCnxn)
[2023-06-13 16:13:01,088] INFO Socket connection established, initiating session, client: /127.0.0.1:59374, server: localhost/127.0.0.1:2181 (org.apache.zookeeper.ClientCnxn)
[2023-06-13 16:13:01,109] INFO Session establishment complete on server localhost/127.0.0.1:2181, session id = 0x100026db0cc0000, negotiated timeout = 18000 (org.apache.zookeeper.ClientCnxn)
[2023-06-13 16:13:01,112] INFO [ZooKeeperClient Kafka server] Connected. (kafka.zookeeper.ZooKeeperClient)
[2023-06-13 16:13:01,410] INFO Cluster ID = KZNIaCGIRb6qn1rnVv4MWA (kafka.server.KafkaServer)
[2023-06-13 16:13:01,413] WARN No meta.properties file under dir /tmp/kafka-logs/meta.properties (kafka.server.BrokerMetadataCheckpoint)
[2023-06-13 16:13:01,464] INFO KafkaConfig values: 
	advertised.listeners = PLAINTEXT://165.194.35.87:9092
	alter.config.policy.class.name = null
	alter.log.dirs.replication.quota.window.num = 11
	alter.log.dirs.replication.quota.window.size.seconds = 1
	authorizer.class.name = 
	auto.create.topics.enable = true
	auto.leader.rebalance.enable = true
	background.threads = 10
	broker.heartbeat.interval.ms = 2000
	broker.id = 0
	broker.id.generation.enable = true
	broker.rack = null
	broker.session.timeout.ms = 9000
	client.quota.callback.class = null
	compression.type = producer
	connection.failed.authentication.delay.ms = 100
	connections.max.idle.ms = 600000
	connections.max.reauth.ms = 0
	control.plane.listener.name = null
	controlled.shutdown.enable = true
	controlled.shutdown.max.retries = 3
	controlled.shutdown.retry.backoff.ms = 5000
	controller.listener.names = null
	controller.quorum.append.linger.ms = 25
	controller.quorum.election.backoff.max.ms = 1000
	controller.quorum.election.timeout.ms = 1000
	controller.quorum.fetch.timeout.ms = 2000
	controller.quorum.request.timeout.ms = 2000
	controller.quorum.retry.backoff.ms = 20
	controller.quorum.voters = []
	controller.quota.window.num = 11
	controller.quota.window.size.seconds = 1
	controller.socket.timeout.ms = 30000
	create.topic.policy.class.name = null
	default.replication.factor = 1
	delegation.token.expiry.check.interval.ms = 3600000
	delegation.token.expiry.time.ms = 86400000
	delegation.token.master.key = null
	delegation.token.max.lifetime.ms = 604800000
	delegation.token.secret.key = null
	delete.records.purgatory.purge.interval.requests = 1
	delete.topic.enable = true
	early.start.listeners = null
	fetch.max.bytes = 57671680
	fetch.purgatory.purge.interval.requests = 1000
	group.initial.rebalance.delay.ms = 0
	group.max.session.timeout.ms = 1800000
	group.max.size = 2147483647
	group.min.session.timeout.ms = 6000
	initial.broker.registration.timeout.ms = 60000
	inter.broker.listener.name = null
	inter.broker.protocol.version = 3.3-IV3
	kafka.metrics.polling.interval.secs = 10
	kafka.metrics.reporters = []
	leader.imbalance.check.interval.seconds = 300
	leader.imbalance.per.broker.percentage = 10
	listener.security.protocol.map = PLAINTEXT:PLAINTEXT,SSL:SSL,SASL_PLAINTEXT:SASL_PLAINTEXT,SASL_SSL:SASL_SSL
	listeners = PLAINTEXT://165.194.35.87:9092
	log.cleaner.backoff.ms = 15000
	log.cleaner.dedupe.buffer.size = 134217728
	log.cleaner.delete.retention.ms = 86400000
	log.cleaner.enable = true
	log.cleaner.io.buffer.load.factor = 0.9
	log.cleaner.io.buffer.size = 524288
	log.cleaner.io.max.bytes.per.second = 1.7976931348623157E308
	log.cleaner.max.compaction.lag.ms = 9223372036854775807
	log.cleaner.min.cleanable.ratio = 0.5
	log.cleaner.min.compaction.lag.ms = 0
	log.cleaner.threads = 1
	log.cleanup.policy = [delete]
	log.dir = /tmp/kafka-logs
	log.dirs = /tmp/kafka-logs
	log.flush.interval.messages = 9223372036854775807
	log.flush.interval.ms = null
	log.flush.offset.checkpoint.interval.ms = 60000
	log.flush.scheduler.interval.ms = 9223372036854775807
	log.flush.start.offset.checkpoint.interval.ms = 60000
	log.index.interval.bytes = 4096
	log.index.size.max.bytes = 10485760
	log.message.downconversion.enable = true
	log.message.format.version = 3.0-IV1
	log.message.timestamp.difference.max.ms = 9223372036854775807
	log.message.timestamp.type = CreateTime
	log.preallocate = false
	log.retention.bytes = -1
	log.retention.check.interval.ms = 300000
	log.retention.hours = 168
	log.retention.minutes = null
	log.retention.ms = null
	log.roll.hours = 168
	log.roll.jitter.hours = 0
	log.roll.jitter.ms = null
	log.roll.ms = null
	log.segment.bytes = 1073741824
	log.segment.delete.delay.ms = 60000
	max.connection.creation.rate = 2147483647
	max.connections = 2147483647
	max.connections.per.ip = 2147483647
	max.connections.per.ip.overrides = 
	max.incremental.fetch.session.cache.slots = 1000
	message.max.bytes = 1048588
	metadata.log.dir = null
	metadata.log.max.record.bytes.between.snapshots = 20971520
	metadata.log.segment.bytes = 1073741824
	metadata.log.segment.min.bytes = 8388608
	metadata.log.segment.ms = 604800000
	metadata.max.idle.interval.ms = 500
	metadata.max.retention.bytes = -1
	metadata.max.retention.ms = 604800000
	metric.reporters = []
	metrics.num.samples = 2
	metrics.recording.level = INFO
	metrics.sample.window.ms = 30000
	min.insync.replicas = 1
	node.id = 0
	num.io.threads = 20
	num.network.threads = 5
	num.partitions = 1
	num.recovery.threads.per.data.dir = 1
	num.replica.alter.log.dirs.threads = null
	num.replica.fetchers = 1
	offset.metadata.max.bytes = 4096
	offsets.commit.required.acks = -1
	offsets.commit.timeout.ms = 5000
	offsets.load.buffer.size = 5242880
	offsets.retention.check.interval.ms = 600000
	offsets.retention.minutes = 10080
	offsets.topic.compression.codec = 0
	offsets.topic.num.partitions = 50
	offsets.topic.replication.factor = 1
	offsets.topic.segment.bytes = 104857600
	password.encoder.cipher.algorithm = AES/CBC/PKCS5Padding
	password.encoder.iterations = 4096
	password.encoder.key.length = 128
	password.encoder.keyfactory.algorithm = null
	password.encoder.old.secret = null
	password.encoder.secret = null
	principal.builder.class = class org.apache.kafka.common.security.authenticator.DefaultKafkaPrincipalBuilder
	process.roles = []
	producer.purgatory.purge.interval.requests = 1000
	queued.max.request.bytes = -1
	queued.max.requests = 500
	quota.window.num = 11
	quota.window.size.seconds = 1
	remote.log.index.file.cache.total.size.bytes = 1073741824
	remote.log.manager.task.interval.ms = 30000
	remote.log.manager.task.retry.backoff.max.ms = 30000
	remote.log.manager.task.retry.backoff.ms = 500
	remote.log.manager.task.retry.jitter = 0.2
	remote.log.manager.thread.pool.size = 10
	remote.log.metadata.manager.class.name = null
	remote.log.metadata.manager.class.path = null
	remote.log.metadata.manager.impl.prefix = null
	remote.log.metadata.manager.listener.name = null
	remote.log.reader.max.pending.tasks = 100
	remote.log.reader.threads = 10
	remote.log.storage.manager.class.name = null
	remote.log.storage.manager.class.path = null
	remote.log.storage.manager.impl.prefix = null
	remote.log.storage.system.enable = false
	replica.fetch.backoff.ms = 1000
	replica.fetch.max.bytes = 1048576
	replica.fetch.min.bytes = 1
	replica.fetch.response.max.bytes = 10485760
	replica.fetch.wait.max.ms = 500
	replica.high.watermark.checkpoint.interval.ms = 5000
	replica.lag.time.max.ms = 30000
	replica.selector.class = null
	replica.socket.receive.buffer.bytes = 65536
	replica.socket.timeout.ms = 30000
	replication.quota.window.num = 11
	replication.quota.window.size.seconds = 1
	request.timeout.ms = 30000
	reserved.broker.max.id = 1000
	sasl.client.callback.handler.class = null
	sasl.enabled.mechanisms = [GSSAPI]
	sasl.jaas.config = null
	sasl.kerberos.kinit.cmd = /usr/bin/kinit
	sasl.kerberos.min.time.before.relogin = 60000
	sasl.kerberos.principal.to.local.rules = [DEFAULT]
	sasl.kerberos.service.name = null
	sasl.kerberos.ticket.renew.jitter = 0.05
	sasl.kerberos.ticket.renew.window.factor = 0.8
	sasl.login.callback.handler.class = null
	sasl.login.class = null
	sasl.login.connect.timeout.ms = null
	sasl.login.read.timeout.ms = null
	sasl.login.refresh.buffer.seconds = 300
	sasl.login.refresh.min.period.seconds = 60
	sasl.login.refresh.window.factor = 0.8
	sasl.login.refresh.window.jitter = 0.05
	sasl.login.retry.backoff.max.ms = 10000
	sasl.login.retry.backoff.ms = 100
	sasl.mechanism.controller.protocol = GSSAPI
	sasl.mechanism.inter.broker.protocol = GSSAPI
	sasl.oauthbearer.clock.skew.seconds = 30
	sasl.oauthbearer.expected.audience = null
	sasl.oauthbearer.expected.issuer = null
	sasl.oauthbearer.jwks.endpoint.refresh.ms = 3600000
	sasl.oauthbearer.jwks.endpoint.retry.backoff.max.ms = 10000
	sasl.oauthbearer.jwks.endpoint.retry.backoff.ms = 100
	sasl.oauthbearer.jwks.endpoint.url = null
	sasl.oauthbearer.scope.claim.name = scope
	sasl.oauthbearer.sub.claim.name = sub
	sasl.oauthbearer.token.endpoint.url = null
	sasl.server.callback.handler.class = null
	sasl.server.max.receive.size = 524288
	security.inter.broker.protocol = PLAINTEXT
	security.providers = null
	socket.connection.setup.timeout.max.ms = 30000
	socket.connection.setup.timeout.ms = 10000
	socket.listen.backlog.size = 50
	socket.receive.buffer.bytes = 102400
	socket.request.max.bytes = 104857600
	socket.send.buffer.bytes = 102400
	ssl.cipher.suites = []
	ssl.client.auth = none
	ssl.enabled.protocols = [TLSv1.2]
	ssl.endpoint.identification.algorithm = https
	ssl.engine.factory.class = null
	ssl.key.password = null
	ssl.keymanager.algorithm = SunX509
	ssl.keystore.certificate.chain = null
	ssl.keystore.key = null
	ssl.keystore.location = null
	ssl.keystore.password = null
	ssl.keystore.type = JKS
	ssl.principal.mapping.rules = DEFAULT
	ssl.protocol = TLSv1.2
	ssl.provider = null
	ssl.secure.random.implementation = null
	ssl.trustmanager.algorithm = PKIX
	ssl.truststore.certificates = null
	ssl.truststore.location = null
	ssl.truststore.password = null
	ssl.truststore.type = JKS
	transaction.abort.timed.out.transaction.cleanup.interval.ms = 10000
	transaction.max.timeout.ms = 900000
	transaction.remove.expired.transaction.cleanup.interval.ms = 3600000
	transaction.state.log.load.buffer.size = 5242880
	transaction.state.log.min.isr = 1
	transaction.state.log.num.partitions = 50
	transaction.state.log.replication.factor = 1
	transaction.state.log.segment.bytes = 104857600
	transactional.id.expiration.ms = 604800000
	unclean.leader.election.enable = false
	zookeeper.clientCnxnSocket = null
	zookeeper.connect = localhost:2181
	zookeeper.connection.timeout.ms = 18000
	zookeeper.max.in.flight.requests = 10
	zookeeper.session.timeout.ms = 18000
	zookeeper.set.acl = false
	zookeeper.ssl.cipher.suites = null
	zookeeper.ssl.client.enable = false
	zookeeper.ssl.crl.enable = false
	zookeeper.ssl.enabled.protocols = null
	zookeeper.ssl.endpoint.identification.algorithm = HTTPS
	zookeeper.ssl.keystore.location = null
	zookeeper.ssl.keystore.password = null
	zookeeper.ssl.keystore.type = null
	zookeeper.ssl.ocsp.enable = false
	zookeeper.ssl.protocol = TLSv1.2
	zookeeper.ssl.truststore.location = null
	zookeeper.ssl.truststore.password = null
	zookeeper.ssl.truststore.type = null
 (kafka.server.KafkaConfig)
[2023-06-13 16:13:01,496] INFO [ThrottledChannelReaper-Fetch]: Starting (kafka.server.ClientQuotaManager$ThrottledChannelReaper)
[2023-06-13 16:13:01,497] INFO [ThrottledChannelReaper-Produce]: Starting (kafka.server.ClientQuotaManager$ThrottledChannelReaper)
[2023-06-13 16:13:01,497] INFO [ThrottledChannelReaper-Request]: Starting (kafka.server.ClientQuotaManager$ThrottledChannelReaper)
[2023-06-13 16:13:01,498] INFO [ThrottledChannelReaper-ControllerMutation]: Starting (kafka.server.ClientQuotaManager$ThrottledChannelReaper)
[2023-06-13 16:13:01,512] INFO Log directory /tmp/kafka-logs not found, creating it. (kafka.log.LogManager)
[2023-06-13 16:13:01,529] INFO Loading logs from log dirs ArraySeq(/tmp/kafka-logs) (kafka.log.LogManager)
[2023-06-13 16:13:01,531] INFO Attempting recovery for all logs in /tmp/kafka-logs since no clean shutdown file was found (kafka.log.LogManager)
[2023-06-13 16:13:01,539] INFO Loaded 0 logs in 10ms. (kafka.log.LogManager)
[2023-06-13 16:13:01,539] INFO Starting log cleanup with a period of 300000 ms. (kafka.log.LogManager)
[2023-06-13 16:13:01,542] INFO Starting log flusher with a default period of 9223372036854775807 ms. (kafka.log.LogManager)
[2023-06-13 16:13:01,623] INFO [feature-zk-node-event-process-thread]: Starting (kafka.server.FinalizedFeatureChangeListener$ChangeNotificationProcessorThread)
[2023-06-13 16:13:01,636] INFO Feature ZK node at path: /feature does not exist (kafka.server.FinalizedFeatureChangeListener)
[2023-06-13 16:13:01,656] INFO [BrokerToControllerChannelManager broker=0 name=forwarding]: Starting (kafka.server.BrokerToControllerRequestThread)
[2023-06-13 16:13:01,974] INFO Updated connection-accept-rate max connection creation rate to 2147483647 (kafka.network.ConnectionQuotas)
[2023-06-13 16:13:01,977] INFO Awaiting socket connections on 165.194.35.87:9092. (kafka.network.DataPlaneAcceptor)
[2023-06-13 16:13:02,001] INFO [SocketServer listenerType=ZK_BROKER, nodeId=0] Created data-plane acceptor and processors for endpoint : ListenerName(PLAINTEXT) (kafka.network.SocketServer)
[2023-06-13 16:13:02,005] INFO [BrokerToControllerChannelManager broker=0 name=alterPartition]: Starting (kafka.server.BrokerToControllerRequestThread)
[2023-06-13 16:13:02,022] INFO [ExpirationReaper-0-Produce]: Starting (kafka.server.DelayedOperationPurgatory$ExpiredOperationReaper)
[2023-06-13 16:13:02,022] INFO [ExpirationReaper-0-Fetch]: Starting (kafka.server.DelayedOperationPurgatory$ExpiredOperationReaper)
[2023-06-13 16:13:02,023] INFO [ExpirationReaper-0-DeleteRecords]: Starting (kafka.server.DelayedOperationPurgatory$ExpiredOperationReaper)
[2023-06-13 16:13:02,024] INFO [ExpirationReaper-0-ElectLeader]: Starting (kafka.server.DelayedOperationPurgatory$ExpiredOperationReaper)
[2023-06-13 16:13:02,033] INFO [LogDirFailureHandler]: Starting (kafka.server.ReplicaManager$LogDirFailureHandler)
[2023-06-13 16:13:02,054] INFO Creating /brokers/ids/0 (is it secure? false) (kafka.zk.KafkaZkClient)
[2023-06-13 16:13:02,081] INFO Stat of the created znode at /brokers/ids/0 is: 25,25,1686672782069,1686672782069,1,0,0,72060264178778112,210,0,25
 (kafka.zk.KafkaZkClient)
[2023-06-13 16:13:02,082] INFO Registered broker 0 at path /brokers/ids/0 with addresses: PLAINTEXT://165.194.35.87:9092, czxid (broker epoch): 25 (kafka.zk.KafkaZkClient)
[2023-06-13 16:13:02,159] INFO [ExpirationReaper-0-topic]: Starting (kafka.server.DelayedOperationPurgatory$ExpiredOperationReaper)
[2023-06-13 16:13:02,164] INFO [ExpirationReaper-0-Heartbeat]: Starting (kafka.server.DelayedOperationPurgatory$ExpiredOperationReaper)
[2023-06-13 16:13:02,164] INFO [ExpirationReaper-0-Rebalance]: Starting (kafka.server.DelayedOperationPurgatory$ExpiredOperationReaper)
[2023-06-13 16:13:02,177] INFO Successfully created /controller_epoch with initial epoch 0 (kafka.zk.KafkaZkClient)
[2023-06-13 16:13:02,179] INFO [GroupCoordinator 0]: Starting up. (kafka.coordinator.group.GroupCoordinator)
[2023-06-13 16:13:02,185] INFO [GroupCoordinator 0]: Startup complete. (kafka.coordinator.group.GroupCoordinator)
[2023-06-13 16:13:02,192] INFO Feature ZK node created at path: /feature (kafka.server.FinalizedFeatureChangeListener)
[2023-06-13 16:13:02,198] INFO [TransactionCoordinator id=0] Starting up. (kafka.coordinator.transaction.TransactionCoordinator)
[2023-06-13 16:13:02,202] INFO [Transaction Marker Channel Manager 0]: Starting (kafka.coordinator.transaction.TransactionMarkerChannelManager)
[2023-06-13 16:13:02,202] INFO [TransactionCoordinator id=0] Startup complete. (kafka.coordinator.transaction.TransactionCoordinator)
[2023-06-13 16:13:02,286] INFO [MetadataCache brokerId=0] Updated cache from existing <empty> to latest FinalizedFeaturesAndEpoch(features=Map(), epoch=0). (kafka.server.metadata.ZkMetadataCache)
[2023-06-13 16:13:02,309] INFO [ExpirationReaper-0-AlterAcls]: Starting (kafka.server.DelayedOperationPurgatory$ExpiredOperationReaper)
[2023-06-13 16:13:02,332] INFO [/config/changes-event-process-thread]: Starting (kafka.common.ZkNodeChangeNotificationListener$ChangeEventProcessThread)
[2023-06-13 16:13:02,348] INFO [SocketServer listenerType=ZK_BROKER, nodeId=0] Enabling request processing. (kafka.network.SocketServer)
[2023-06-13 16:13:02,353] INFO Kafka version: 3.3.0 (org.apache.kafka.common.utils.AppInfoParser)
[2023-06-13 16:13:02,353] INFO Kafka commitId: 9d1f9f77642d7e95 (org.apache.kafka.common.utils.AppInfoParser)
[2023-06-13 16:13:02,353] INFO Kafka startTimeMs: 1686672782350 (org.apache.kafka.common.utils.AppInfoParser)
[2023-06-13 16:13:02,354] INFO [KafkaServer id=0] started (kafka.server.KafkaServer)
[2023-06-13 16:13:02,490] INFO [BrokerToControllerChannelManager broker=0 name=forwarding]: Recorded new controller, from now on will use broker 165.194.35.87:9092 (id: 0 rack: null) (kafka.server.BrokerToControllerRequestThread)
[2023-06-13 16:13:02,537] INFO [BrokerToControllerChannelManager broker=0 name=alterPartition]: Recorded new controller, from now on will use broker 165.194.35.87:9092 (id: 0 rack: null) (kafka.server.BrokerToControllerRequestThread)
[2023-06-13 16:25:17,256] INFO Creating topic requests with configuration {} and initial partition assignment HashMap(0 -> ArrayBuffer(0)) (kafka.zk.AdminZkClient)
[2023-06-13 16:25:17,370] INFO [Controller id=0, targetBrokerId=0] Node 0 disconnected. (org.apache.kafka.clients.NetworkClient)
[2023-06-13 16:25:17,424] INFO [ReplicaFetcherManager on broker 0] Removed fetcher for partitions Set(requests-0) (kafka.server.ReplicaFetcherManager)
[2023-06-13 16:25:17,552] INFO [LogLoader partition=requests-0, dir=/tmp/kafka-logs] Loading producer state till offset 0 with message format version 2 (kafka.log.UnifiedLog$)
[2023-06-13 16:25:17,572] INFO Created log for partition requests-0 in /tmp/kafka-logs/requests-0 with properties {} (kafka.log.LogManager)
[2023-06-13 16:25:17,574] INFO [Partition requests-0 broker=0] No checkpointed highwatermark is found for partition requests-0 (kafka.cluster.Partition)
[2023-06-13 16:25:17,575] INFO [Partition requests-0 broker=0] Log loaded for partition requests-0 with initial high watermark 0 (kafka.cluster.Partition)
[2023-06-13 16:25:31,561] INFO Creating topic assignments with configuration {} and initial partition assignment HashMap(0 -> ArrayBuffer(0)) (kafka.zk.AdminZkClient)
[2023-06-13 16:25:31,590] INFO [ReplicaFetcherManager on broker 0] Removed fetcher for partitions Set(assignments-0) (kafka.server.ReplicaFetcherManager)
[2023-06-13 16:25:31,597] INFO [LogLoader partition=assignments-0, dir=/tmp/kafka-logs] Loading producer state till offset 0 with message format version 2 (kafka.log.UnifiedLog$)
[2023-06-13 16:25:31,599] INFO Created log for partition assignments-0 in /tmp/kafka-logs/assignments-0 with properties {} (kafka.log.LogManager)
[2023-06-13 16:25:31,599] INFO [Partition assignments-0 broker=0] No checkpointed highwatermark is found for partition assignments-0 (kafka.cluster.Partition)
[2023-06-13 16:25:31,600] INFO [Partition assignments-0 broker=0] Log loaded for partition assignments-0 with initial high watermark 0 (kafka.cluster.Partition)
[2023-06-13 16:25:42,977] INFO Creating topic reports-2 with configuration {} and initial partition assignment HashMap(0 -> ArrayBuffer(0)) (kafka.zk.AdminZkClient)
[2023-06-13 16:25:43,006] INFO [ReplicaFetcherManager on broker 0] Removed fetcher for partitions Set(reports-2-0) (kafka.server.ReplicaFetcherManager)
[2023-06-13 16:25:43,011] INFO [LogLoader partition=reports-2-0, dir=/tmp/kafka-logs] Loading producer state till offset 0 with message format version 2 (kafka.log.UnifiedLog$)
[2023-06-13 16:25:43,012] INFO Created log for partition reports-2-0 in /tmp/kafka-logs/reports-2-0 with properties {} (kafka.log.LogManager)
[2023-06-13 16:25:43,012] INFO [Partition reports-2-0 broker=0] No checkpointed highwatermark is found for partition reports-2-0 (kafka.cluster.Partition)
[2023-06-13 16:25:43,013] INFO [Partition reports-2-0 broker=0] Log loaded for partition reports-2-0 with initial high watermark 0 (kafka.cluster.Partition)
[2023-06-13 16:25:48,857] INFO Creating topic reports-3 with configuration {} and initial partition assignment HashMap(0 -> ArrayBuffer(0)) (kafka.zk.AdminZkClient)
[2023-06-13 16:25:48,885] INFO [ReplicaFetcherManager on broker 0] Removed fetcher for partitions Set(reports-3-0) (kafka.server.ReplicaFetcherManager)
[2023-06-13 16:25:48,891] INFO [LogLoader partition=reports-3-0, dir=/tmp/kafka-logs] Loading producer state till offset 0 with message format version 2 (kafka.log.UnifiedLog$)
[2023-06-13 16:25:48,892] INFO Created log for partition reports-3-0 in /tmp/kafka-logs/reports-3-0 with properties {} (kafka.log.LogManager)
[2023-06-13 16:25:48,893] INFO [Partition reports-3-0 broker=0] No checkpointed highwatermark is found for partition reports-3-0 (kafka.cluster.Partition)
[2023-06-13 16:25:48,893] INFO [Partition reports-3-0 broker=0] Log loaded for partition reports-3-0 with initial high watermark 0 (kafka.cluster.Partition)
[2023-06-13 16:25:53,051] INFO Creating topic reports-4 with configuration {} and initial partition assignment HashMap(0 -> ArrayBuffer(0)) (kafka.zk.AdminZkClient)
[2023-06-13 16:25:53,080] INFO [ReplicaFetcherManager on broker 0] Removed fetcher for partitions Set(reports-4-0) (kafka.server.ReplicaFetcherManager)
[2023-06-13 16:25:53,085] INFO [LogLoader partition=reports-4-0, dir=/tmp/kafka-logs] Loading producer state till offset 0 with message format version 2 (kafka.log.UnifiedLog$)
[2023-06-13 16:25:53,086] INFO Created log for partition reports-4-0 in /tmp/kafka-logs/reports-4-0 with properties {} (kafka.log.LogManager)
[2023-06-13 16:25:53,087] INFO [Partition reports-4-0 broker=0] No checkpointed highwatermark is found for partition reports-4-0 (kafka.cluster.Partition)
[2023-06-13 16:25:53,087] INFO [Partition reports-4-0 broker=0] Log loaded for partition reports-4-0 with initial high watermark 0 (kafka.cluster.Partition)
[2023-06-13 16:25:56,952] INFO Creating topic reports-5 with configuration {} and initial partition assignment HashMap(0 -> ArrayBuffer(0)) (kafka.zk.AdminZkClient)
[2023-06-13 16:25:56,982] INFO [ReplicaFetcherManager on broker 0] Removed fetcher for partitions Set(reports-5-0) (kafka.server.ReplicaFetcherManager)
[2023-06-13 16:25:56,987] INFO [LogLoader partition=reports-5-0, dir=/tmp/kafka-logs] Loading producer state till offset 0 with message format version 2 (kafka.log.UnifiedLog$)
[2023-06-13 16:25:56,989] INFO Created log for partition reports-5-0 in /tmp/kafka-logs/reports-5-0 with properties {} (kafka.log.LogManager)
[2023-06-13 16:25:56,989] INFO [Partition reports-5-0 broker=0] No checkpointed highwatermark is found for partition reports-5-0 (kafka.cluster.Partition)
[2023-06-13 16:25:56,990] INFO [Partition reports-5-0 broker=0] Log loaded for partition reports-5-0 with initial high watermark 0 (kafka.cluster.Partition)
[2023-06-13 16:26:05,000] INFO Creating topic reports-6 with configuration {} and initial partition assignment HashMap(0 -> ArrayBuffer(0)) (kafka.zk.AdminZkClient)
[2023-06-13 16:26:05,031] INFO [ReplicaFetcherManager on broker 0] Removed fetcher for partitions Set(reports-6-0) (kafka.server.ReplicaFetcherManager)
[2023-06-13 16:26:05,036] INFO [LogLoader partition=reports-6-0, dir=/tmp/kafka-logs] Loading producer state till offset 0 with message format version 2 (kafka.log.UnifiedLog$)
[2023-06-13 16:26:05,037] INFO Created log for partition reports-6-0 in /tmp/kafka-logs/reports-6-0 with properties {} (kafka.log.LogManager)
[2023-06-13 16:26:05,038] INFO [Partition reports-6-0 broker=0] No checkpointed highwatermark is found for partition reports-6-0 (kafka.cluster.Partition)
[2023-06-13 16:26:05,038] INFO [Partition reports-6-0 broker=0] Log loaded for partition reports-6-0 with initial high watermark 0 (kafka.cluster.Partition)
Jun 13, 2023 7:51:47 PM sun.rmi.transport.tcp.TCPTransport$AcceptLoop executeAcceptLoop
WARNING: RMI TCP Accept-0: accept loop for ServerSocket[addr=0.0.0.0/0.0.0.0,localport=35699] throws
java.io.IOException: The server sockets created using the LocalRMIServerSocketFactory only accept connections from clients running on the host where the RMI remote objects have been exported.
	at sun.management.jmxremote.LocalRMIServerSocketFactory$1.accept(LocalRMIServerSocketFactory.java:114)
	at sun.rmi.transport.tcp.TCPTransport$AcceptLoop.executeAcceptLoop(TCPTransport.java:405)
	at sun.rmi.transport.tcp.TCPTransport$AcceptLoop.run(TCPTransport.java:377)
	at java.lang.Thread.run(Thread.java:750)

[2023-06-13 19:52:02,072] WARN [SocketServer listenerType=ZK_BROKER, nodeId=0] Unexpected error from /165.194.161.34 (channelId=165.194.35.87:9092-165.194.161.34:59538-5); closing connection (org.apache.kafka.common.network.Selector)
org.apache.kafka.common.network.InvalidReceiveException: Invalid receive (size = 1397966893 larger than 104857600)
	at org.apache.kafka.common.network.NetworkReceive.readFrom(NetworkReceive.java:105)
	at org.apache.kafka.common.network.KafkaChannel.receive(KafkaChannel.java:452)
	at org.apache.kafka.common.network.KafkaChannel.read(KafkaChannel.java:402)
	at org.apache.kafka.common.network.Selector.attemptRead(Selector.java:674)
	at org.apache.kafka.common.network.Selector.pollSelectionKeys(Selector.java:576)
	at org.apache.kafka.common.network.Selector.poll(Selector.java:481)
	at kafka.network.Processor.poll(SocketServer.scala:1055)
	at kafka.network.Processor.run(SocketServer.scala:959)
	at java.lang.Thread.run(Thread.java:750)
[2023-06-20 17:28:31,557] INFO [LocalLog partition=requests-0, dir=/tmp/kafka-logs] Rolled new log segment at offset 2 in 12 ms. (kafka.log.LocalLog)
[2023-06-20 17:28:31,565] INFO [ProducerStateManager partition=requests-0] Wrote producer snapshot at offset 2 with 0 producer ids in 4 ms. (kafka.log.ProducerStateManager)
[2023-06-20 17:28:31,568] INFO [UnifiedLog partition=requests-0, dir=/tmp/kafka-logs] Deleting segment LogSegment(baseOffset=0, size=159, lastModifiedTime=1686677154828, largestRecordTimestamp=Some(1686677154828)) due to retention time 604800000ms breach based on the largest record timestamp in the segment (kafka.log.UnifiedLog)
[2023-06-20 17:28:31,577] INFO [UnifiedLog partition=requests-0, dir=/tmp/kafka-logs] Incremented log start offset to 2 due to segment deletion (kafka.log.UnifiedLog)
[2023-06-20 17:29:31,573] INFO [LocalLog partition=requests-0, dir=/tmp/kafka-logs] Deleting segment files LogSegment(baseOffset=0, size=159, lastModifiedTime=1686677154828, largestRecordTimestamp=Some(1686677154828)) (kafka.log.LocalLog$)
[2023-06-20 17:29:31,578] INFO Deleted log /tmp/kafka-logs/requests-0/00000000000000000000.log.deleted. (kafka.log.LogSegment)
[2023-06-20 17:29:31,589] INFO Deleted offset index /tmp/kafka-logs/requests-0/00000000000000000000.index.deleted. (kafka.log.LogSegment)
[2023-06-20 17:29:31,590] INFO Deleted time index /tmp/kafka-logs/requests-0/00000000000000000000.timeindex.deleted. (kafka.log.LogSegment)
[2023-06-27 16:43:31,546] INFO [LocalLog partition=assignments-0, dir=/tmp/kafka-logs] Rolled new log segment at offset 637 in 4 ms. (kafka.log.LocalLog)
[2023-06-27 16:43:31,550] INFO [ProducerStateManager partition=assignments-0] Wrote producer snapshot at offset 637 with 0 producer ids in 2 ms. (kafka.log.ProducerStateManager)
[2023-06-27 16:43:31,551] INFO [UnifiedLog partition=assignments-0, dir=/tmp/kafka-logs] Deleting segment LogSegment(baseOffset=0, size=68796, lastModifiedTime=1687279215266, largestRecordTimestamp=Some(1687279215268)) due to retention time 604800000ms breach based on the largest record timestamp in the segment (kafka.log.UnifiedLog)
[2023-06-27 16:43:31,553] INFO [UnifiedLog partition=assignments-0, dir=/tmp/kafka-logs] Incremented log start offset to 637 due to segment deletion (kafka.log.UnifiedLog)
[2023-06-27 16:43:31,556] INFO [LocalLog partition=reports-2-0, dir=/tmp/kafka-logs] Rolled new log segment at offset 208 in 2 ms. (kafka.log.LocalLog)
[2023-06-27 16:43:31,557] INFO [ProducerStateManager partition=reports-2-0] Wrote producer snapshot at offset 208 with 0 producer ids in 1 ms. (kafka.log.ProducerStateManager)
[2023-06-27 16:43:31,557] INFO [UnifiedLog partition=reports-2-0, dir=/tmp/kafka-logs] Deleting segment LogSegment(baseOffset=0, size=17382, lastModifiedTime=1687279239923, largestRecordTimestamp=Some(1687279239928)) due to retention time 604800000ms breach based on the largest record timestamp in the segment (kafka.log.UnifiedLog)
[2023-06-27 16:43:31,560] INFO [UnifiedLog partition=reports-2-0, dir=/tmp/kafka-logs] Incremented log start offset to 208 due to segment deletion (kafka.log.UnifiedLog)
[2023-06-27 16:43:31,563] INFO [LocalLog partition=reports-3-0, dir=/tmp/kafka-logs] Rolled new log segment at offset 214 in 2 ms. (kafka.log.LocalLog)
[2023-06-27 16:43:31,564] INFO [ProducerStateManager partition=reports-3-0] Wrote producer snapshot at offset 214 with 0 producer ids in 1 ms. (kafka.log.ProducerStateManager)
[2023-06-27 16:43:31,565] INFO [UnifiedLog partition=reports-3-0, dir=/tmp/kafka-logs] Deleting segment LogSegment(baseOffset=0, size=17989, lastModifiedTime=1687279260684, largestRecordTimestamp=Some(1687279260694)) due to retention time 604800000ms breach based on the largest record timestamp in the segment (kafka.log.UnifiedLog)
[2023-06-27 16:43:31,565] INFO [UnifiedLog partition=reports-3-0, dir=/tmp/kafka-logs] Incremented log start offset to 214 due to segment deletion (kafka.log.UnifiedLog)
[2023-06-27 16:43:31,568] INFO [LocalLog partition=reports-4-0, dir=/tmp/kafka-logs] Rolled new log segment at offset 50169 in 2 ms. (kafka.log.LocalLog)
[2023-06-27 16:43:31,569] INFO [ProducerStateManager partition=reports-4-0] Wrote producer snapshot at offset 50169 with 0 producer ids in 0 ms. (kafka.log.ProducerStateManager)
[2023-06-27 16:43:31,569] INFO [UnifiedLog partition=reports-4-0, dir=/tmp/kafka-logs] Deleting segment LogSegment(baseOffset=0, size=3744048, lastModifiedTime=1687279251119, largestRecordTimestamp=Some(1687279251133)) due to retention time 604800000ms breach based on the largest record timestamp in the segment (kafka.log.UnifiedLog)
[2023-06-27 16:43:31,569] INFO [UnifiedLog partition=reports-4-0, dir=/tmp/kafka-logs] Incremented log start offset to 50169 due to segment deletion (kafka.log.UnifiedLog)
[2023-06-27 16:43:31,572] INFO [LocalLog partition=reports-5-0, dir=/tmp/kafka-logs] Rolled new log segment at offset 216 in 1 ms. (kafka.log.LocalLog)
[2023-06-27 16:43:31,572] INFO [ProducerStateManager partition=reports-5-0] Wrote producer snapshot at offset 216 with 0 producer ids in 1 ms. (kafka.log.ProducerStateManager)
[2023-06-27 16:43:31,572] INFO [UnifiedLog partition=reports-5-0, dir=/tmp/kafka-logs] Deleting segment LogSegment(baseOffset=0, size=18150, lastModifiedTime=1687279273980, largestRecordTimestamp=Some(1687279273997)) due to retention time 604800000ms breach based on the largest record timestamp in the segment (kafka.log.UnifiedLog)
[2023-06-27 16:43:31,573] INFO [UnifiedLog partition=reports-5-0, dir=/tmp/kafka-logs] Incremented log start offset to 216 due to segment deletion (kafka.log.UnifiedLog)
[2023-06-27 16:43:31,575] INFO [LocalLog partition=reports-6-0, dir=/tmp/kafka-logs] Rolled new log segment at offset 217 in 2 ms. (kafka.log.LocalLog)
[2023-06-27 16:43:31,576] INFO [ProducerStateManager partition=reports-6-0] Wrote producer snapshot at offset 217 with 0 producer ids in 0 ms. (kafka.log.ProducerStateManager)
[2023-06-27 16:43:31,576] INFO [UnifiedLog partition=reports-6-0, dir=/tmp/kafka-logs] Deleting segment LogSegment(baseOffset=0, size=18223, lastModifiedTime=1687279281776, largestRecordTimestamp=Some(1687279281794)) due to retention time 604800000ms breach based on the largest record timestamp in the segment (kafka.log.UnifiedLog)
[2023-06-27 16:43:31,576] INFO [UnifiedLog partition=reports-6-0, dir=/tmp/kafka-logs] Incremented log start offset to 217 due to segment deletion (kafka.log.UnifiedLog)
[2023-06-27 16:44:31,552] INFO [LocalLog partition=assignments-0, dir=/tmp/kafka-logs] Deleting segment files LogSegment(baseOffset=0, size=68796, lastModifiedTime=1687279215266, largestRecordTimestamp=Some(1687279215268)) (kafka.log.LocalLog$)
[2023-06-27 16:44:31,554] INFO Deleted log /tmp/kafka-logs/assignments-0/00000000000000000000.log.deleted. (kafka.log.LogSegment)
[2023-06-27 16:44:31,554] INFO Deleted offset index /tmp/kafka-logs/assignments-0/00000000000000000000.index.deleted. (kafka.log.LogSegment)
[2023-06-27 16:44:31,554] INFO Deleted time index /tmp/kafka-logs/assignments-0/00000000000000000000.timeindex.deleted. (kafka.log.LogSegment)
[2023-06-27 16:44:31,560] INFO [LocalLog partition=reports-2-0, dir=/tmp/kafka-logs] Deleting segment files LogSegment(baseOffset=0, size=17382, lastModifiedTime=1687279239923, largestRecordTimestamp=Some(1687279239928)) (kafka.log.LocalLog$)
[2023-06-27 16:44:31,560] INFO Deleted log /tmp/kafka-logs/reports-2-0/00000000000000000000.log.deleted. (kafka.log.LogSegment)
[2023-06-27 16:44:31,560] INFO Deleted offset index /tmp/kafka-logs/reports-2-0/00000000000000000000.index.deleted. (kafka.log.LogSegment)
[2023-06-27 16:44:31,560] INFO Deleted time index /tmp/kafka-logs/reports-2-0/00000000000000000000.timeindex.deleted. (kafka.log.LogSegment)
[2023-06-27 16:44:31,565] INFO [LocalLog partition=reports-3-0, dir=/tmp/kafka-logs] Deleting segment files LogSegment(baseOffset=0, size=17989, lastModifiedTime=1687279260684, largestRecordTimestamp=Some(1687279260694)) (kafka.log.LocalLog$)
[2023-06-27 16:44:31,565] INFO Deleted log /tmp/kafka-logs/reports-3-0/00000000000000000000.log.deleted. (kafka.log.LogSegment)
[2023-06-27 16:44:31,565] INFO Deleted offset index /tmp/kafka-logs/reports-3-0/00000000000000000000.index.deleted. (kafka.log.LogSegment)
[2023-06-27 16:44:31,566] INFO Deleted time index /tmp/kafka-logs/reports-3-0/00000000000000000000.timeindex.deleted. (kafka.log.LogSegment)
[2023-06-27 16:44:31,569] INFO [LocalLog partition=reports-4-0, dir=/tmp/kafka-logs] Deleting segment files LogSegment(baseOffset=0, size=3744048, lastModifiedTime=1687279251119, largestRecordTimestamp=Some(1687279251133)) (kafka.log.LocalLog$)
[2023-06-27 16:44:31,571] INFO Deleted log /tmp/kafka-logs/reports-4-0/00000000000000000000.log.deleted. (kafka.log.LogSegment)
[2023-06-27 16:44:31,571] INFO Deleted offset index /tmp/kafka-logs/reports-4-0/00000000000000000000.index.deleted. (kafka.log.LogSegment)
[2023-06-27 16:44:31,572] INFO Deleted time index /tmp/kafka-logs/reports-4-0/00000000000000000000.timeindex.deleted. (kafka.log.LogSegment)
[2023-06-27 16:44:31,573] INFO [LocalLog partition=reports-5-0, dir=/tmp/kafka-logs] Deleting segment files LogSegment(baseOffset=0, size=18150, lastModifiedTime=1687279273980, largestRecordTimestamp=Some(1687279273997)) (kafka.log.LocalLog$)
[2023-06-27 16:44:31,573] INFO Deleted log /tmp/kafka-logs/reports-5-0/00000000000000000000.log.deleted. (kafka.log.LogSegment)
[2023-06-27 16:44:31,573] INFO Deleted offset index /tmp/kafka-logs/reports-5-0/00000000000000000000.index.deleted. (kafka.log.LogSegment)
[2023-06-27 16:44:31,573] INFO Deleted time index /tmp/kafka-logs/reports-5-0/00000000000000000000.timeindex.deleted. (kafka.log.LogSegment)
[2023-06-27 16:44:31,576] INFO [LocalLog partition=reports-6-0, dir=/tmp/kafka-logs] Deleting segment files LogSegment(baseOffset=0, size=18223, lastModifiedTime=1687279281776, largestRecordTimestamp=Some(1687279281794)) (kafka.log.LocalLog$)
[2023-06-27 16:44:31,577] INFO Deleted log /tmp/kafka-logs/reports-6-0/00000000000000000000.log.deleted. (kafka.log.LogSegment)
[2023-06-27 16:44:31,577] INFO Deleted offset index /tmp/kafka-logs/reports-6-0/00000000000000000000.index.deleted. (kafka.log.LogSegment)
[2023-06-27 16:44:31,577] INFO Deleted time index /tmp/kafka-logs/reports-6-0/00000000000000000000.timeindex.deleted. (kafka.log.LogSegment)
